Added Pin To Net: NetName=Net2K_1 Pin=2K-1
Added Pin To Net: NetName=Net2K_3 Pin=2K-3
Added Pin To Net: NetName=GND Pin=5K-1
Added Pin To Net: NetName=Net5K_2 Pin=5K-2
Added Pin To Net: NetName=Net5K_3 Pin=5K-3
Added Pin To Net: NetName=Net500K_1 Pin=500K-1
Added Pin To Net: NetName=Net500K_3 Pin=500K-3
Added Pin To Net: NetName=VCC Pin=power-8
Added Pin To Net: NetName=Netpower_9 Pin=power-9
Added Pin To Net: NetName=GND Pin=signal-6
Added Pin To Net: NetName=NetR10_2 Pin=signal-7
Added Pin To Net: NetName=Netpower_9 Pin=switch-10
Added Pin To Net: NetName=Netpower_9 Pin=switch-11
Added Pin To Net: NetName=GND Pin=switch-12
Added Pin To Net: NetName=NetCD4017_3 Pin=U0-0
Added Pin To Net: NetName=NetLM3914_10 Pin=U0-1
Added Pin To Net: NetName=NetCD4017_2 Pin=U1-0
Added Pin To Net: NetName=NetLM3914_10 Pin=U1-1
Added Pin To Net: NetName=NetCD4017_4 Pin=U2-0
Added Pin To Net: NetName=NetLM3914_10 Pin=U2-1
Added Pin To Net: NetName=NetCD4017_7 Pin=U3-0
Added Pin To Net: NetName=NetLM3914_10 Pin=U3-1
Added Pin To Net: NetName=NetCD4017_10 Pin=U4-0
Added Pin To Net: NetName=NetLM3914_10 Pin=U4-1
Added Pin To Net: NetName=NetCD4017_1 Pin=U5-0
Added Pin To Net: NetName=NetLM3914_10 Pin=U5-1
Added Pin To Net: NetName=NetCD4017_5 Pin=U6-0
Added Pin To Net: NetName=NetLM3914_10 Pin=U6-1
Added Pin To Net: NetName=NetCD4017_6 Pin=U7-0
Added Pin To Net: NetName=NetLM3914_10 Pin=U7-1
Added Pin To Net: NetName=NetCD4017_9 Pin=U8-0
Added Pin To Net: NetName=NetLM3914_10 Pin=U8-1
Added Pin To Net: NetName=NetCD4017_11 Pin=U9-0
Added Pin To Net: NetName=NetLM3914_10 Pin=U9-1
Added Pin To Net: NetName=NetCD4017_3 Pin=U10-0
Added Pin To Net: NetName=NetLM3914_9 Pin=U10-1
Added Pin To Net: NetName=NetCD4017_2 Pin=U11-0
Added Pin To Net: NetName=NetLM3914_9 Pin=U11-1
Added Pin To Net: NetName=NetCD4017_4 Pin=U12-0
Added Pin To Net: NetName=NetLM3914_9 Pin=U12-1
Added Pin To Net: NetName=NetCD4017_7 Pin=U13-0
Added Pin To Net: NetName=NetLM3914_9 Pin=U13-1
Added Pin To Net: NetName=NetCD4017_10 Pin=U14-0
Added Pin To Net: NetName=NetLM3914_9 Pin=U14-1
Added Pin To Net: NetName=NetCD4017_1 Pin=U15-0
Added Pin To Net: NetName=NetLM3914_9 Pin=U15-1
Added Pin To Net: NetName=NetCD4017_5 Pin=U16-0
Added Pin To Net: NetName=NetLM3914_9 Pin=U16-1
Added Pin To Net: NetName=NetCD4017_6 Pin=U17-0
Added Pin To Net: NetName=NetLM3914_9 Pin=U17-1
Added Pin To Net: NetName=NetCD4017_9 Pin=U18-0
Added Pin To Net: NetName=NetLM3914_9 Pin=U18-1
Added Pin To Net: NetName=NetCD4017_11 Pin=U19-0
Added Pin To Net: NetName=NetLM3914_9 Pin=U19-1
Added Pin To Net: NetName=NetCD4017_3 Pin=U20-0
Added Pin To Net: NetName=NetLM3914_12 Pin=U20-1
Added Pin To Net: NetName=NetCD4017_2 Pin=U21-0
Added Pin To Net: NetName=NetLM3914_12 Pin=U21-1
Added Pin To Net: NetName=NetCD4017_4 Pin=U22-0
Added Pin To Net: NetName=NetLM3914_12 Pin=U22-1
Added Pin To Net: NetName=NetCD4017_7 Pin=U23-0
Added Pin To Net: NetName=NetLM3914_12 Pin=U23-1
Added Pin To Net: NetName=NetCD4017_10 Pin=U24-0
Added Pin To Net: NetName=NetLM3914_12 Pin=U24-1
Added Pin To Net: NetName=NetCD4017_1 Pin=U25-0
Added Pin To Net: NetName=NetLM3914_12 Pin=U25-1
Added Pin To Net: NetName=NetCD4017_5 Pin=U26-0
Added Pin To Net: NetName=NetLM3914_12 Pin=U26-1
Added Pin To Net: NetName=NetCD4017_6 Pin=U27-0
Added Pin To Net: NetName=NetLM3914_12 Pin=U27-1
Added Pin To Net: NetName=NetCD4017_9 Pin=U28-0
Added Pin To Net: NetName=NetLM3914_12 Pin=U28-1
Added Pin To Net: NetName=NetCD4017_11 Pin=U29-0
Added Pin To Net: NetName=NetLM3914_12 Pin=U29-1
Added Pin To Net: NetName=NetCD4017_3 Pin=U30-0
Added Pin To Net: NetName=NetLM3914_13 Pin=U30-1
Added Pin To Net: NetName=NetCD4017_2 Pin=U31-0
Added Pin To Net: NetName=NetLM3914_13 Pin=U31-1
Added Pin To Net: NetName=NetCD4017_4 Pin=U32-0
Added Pin To Net: NetName=NetLM3914_13 Pin=U32-1
Added Pin To Net: NetName=NetCD4017_7 Pin=U33-0
Added Pin To Net: NetName=NetLM3914_13 Pin=U33-1
Added Pin To Net: NetName=NetCD4017_10 Pin=U34-0
Added Pin To Net: NetName=NetLM3914_13 Pin=U34-1
Added Pin To Net: NetName=NetCD4017_1 Pin=U35-0
Added Pin To Net: NetName=NetLM3914_13 Pin=U35-1
Added Pin To Net: NetName=NetCD4017_5 Pin=U36-0
Added Pin To Net: NetName=NetLM3914_13 Pin=U36-1
Added Pin To Net: NetName=NetCD4017_6 Pin=U37-0
Added Pin To Net: NetName=NetLM3914_13 Pin=U37-1
Added Pin To Net: NetName=NetCD4017_9 Pin=U38-0
Added Pin To Net: NetName=NetLM3914_13 Pin=U38-1
Added Pin To Net: NetName=NetCD4017_11 Pin=U39-0
Added Pin To Net: NetName=NetLM3914_13 Pin=U39-1
Added Pin To Net: NetName=NetCD4017_3 Pin=U40-0
Added Pin To Net: NetName=NetLM3914_14 Pin=U40-1
Added Pin To Net: NetName=NetCD4017_2 Pin=U41-0
Added Pin To Net: NetName=NetLM3914_14 Pin=U41-1
Added Pin To Net: NetName=NetCD4017_4 Pin=U42-0
Added Pin To Net: NetName=NetLM3914_14 Pin=U42-1
Added Pin To Net: NetName=NetCD4017_7 Pin=U43-0
Added Pin To Net: NetName=NetLM3914_14 Pin=U43-1
Added Pin To Net: NetName=NetCD4017_10 Pin=U44-0
Added Pin To Net: NetName=NetLM3914_14 Pin=U44-1
Added Pin To Net: NetName=NetCD4017_1 Pin=U45-0
Added Pin To Net: NetName=NetLM3914_14 Pin=U45-1
Added Pin To Net: NetName=NetCD4017_5 Pin=U46-0
Added Pin To Net: NetName=NetLM3914_14 Pin=U46-1
Added Pin To Net: NetName=NetCD4017_6 Pin=U47-0
Added Pin To Net: NetName=NetLM3914_14 Pin=U47-1
Added Pin To Net: NetName=NetCD4017_9 Pin=U48-0
Added Pin To Net: NetName=NetLM3914_14 Pin=U48-1
Added Pin To Net: NetName=NetCD4017_11 Pin=U49-0
Added Pin To Net: NetName=NetLM3914_14 Pin=U49-1
Added Pin To Net: NetName=NetCD4017_3 Pin=U50-0
Added Pin To Net: NetName=NetLM3914_15 Pin=U50-1
Added Pin To Net: NetName=NetCD4017_2 Pin=U51-0
Added Pin To Net: NetName=NetLM3914_15 Pin=U51-1
Added Pin To Net: NetName=NetCD4017_4 Pin=U52-0
Added Pin To Net: NetName=NetLM3914_15 Pin=U52-1
Added Pin To Net: NetName=NetCD4017_7 Pin=U53-0
Added Pin To Net: NetName=NetLM3914_15 Pin=U53-1
Added Pin To Net: NetName=NetCD4017_10 Pin=U54-0
Added Pin To Net: NetName=NetLM3914_15 Pin=U54-1
Added Pin To Net: NetName=NetCD4017_1 Pin=U55-0
Added Pin To Net: NetName=NetLM3914_15 Pin=U55-1
Added Pin To Net: NetName=NetCD4017_5 Pin=U56-0
Added Pin To Net: NetName=NetLM3914_15 Pin=U56-1
Added Pin To Net: NetName=NetCD4017_6 Pin=U57-0
Added Pin To Net: NetName=NetLM3914_15 Pin=U57-1
Added Pin To Net: NetName=NetCD4017_9 Pin=U58-0
Added Pin To Net: NetName=NetLM3914_15 Pin=U58-1
Added Pin To Net: NetName=NetCD4017_11 Pin=U59-0
Added Pin To Net: NetName=NetLM3914_15 Pin=U59-1
Added Pin To Net: NetName=NetCD4017_3 Pin=U60-0
Added Pin To Net: NetName=NetLM3914_16 Pin=U60-1
Added Pin To Net: NetName=NetCD4017_2 Pin=U61-0
Added Pin To Net: NetName=NetLM3914_16 Pin=U61-1
Added Pin To Net: NetName=NetCD4017_4 Pin=U62-0
Added Pin To Net: NetName=NetLM3914_16 Pin=U62-1
Added Pin To Net: NetName=NetCD4017_7 Pin=U63-0
Added Pin To Net: NetName=NetLM3914_16 Pin=U63-1
Added Pin To Net: NetName=NetCD4017_10 Pin=U64-0
Added Pin To Net: NetName=NetLM3914_16 Pin=U64-1
Added Pin To Net: NetName=NetCD4017_1 Pin=U65-0
Added Pin To Net: NetName=NetLM3914_16 Pin=U65-1
Added Pin To Net: NetName=NetCD4017_5 Pin=U66-0
Added Pin To Net: NetName=NetLM3914_16 Pin=U66-1
Added Pin To Net: NetName=NetCD4017_6 Pin=U67-0
Added Pin To Net: NetName=NetLM3914_16 Pin=U67-1
Added Pin To Net: NetName=NetCD4017_9 Pin=U68-0
Added Pin To Net: NetName=NetLM3914_16 Pin=U68-1
Added Pin To Net: NetName=NetCD4017_11 Pin=U69-0
Added Pin To Net: NetName=NetLM3914_16 Pin=U69-1
Added Pin To Net: NetName=NetCD4017_3 Pin=U70-0
Added Pin To Net: NetName=NetLM3914_17 Pin=U70-1
Added Pin To Net: NetName=NetCD4017_2 Pin=U71-0
Added Pin To Net: NetName=NetLM3914_17 Pin=U71-1
Added Pin To Net: NetName=NetCD4017_4 Pin=U72-0
Added Pin To Net: NetName=NetLM3914_17 Pin=U72-1
Added Pin To Net: NetName=NetCD4017_7 Pin=U73-0
Added Pin To Net: NetName=NetLM3914_17 Pin=U73-1
Added Pin To Net: NetName=NetCD4017_10 Pin=U74-0
Added Pin To Net: NetName=NetLM3914_17 Pin=U74-1
Added Pin To Net: NetName=NetCD4017_1 Pin=U75-0
Added Pin To Net: NetName=NetLM3914_17 Pin=U75-1
Added Pin To Net: NetName=NetCD4017_5 Pin=U76-0
Added Pin To Net: NetName=NetLM3914_17 Pin=U76-1
Added Pin To Net: NetName=NetCD4017_6 Pin=U77-0
Added Pin To Net: NetName=NetLM3914_17 Pin=U77-1
Added Pin To Net: NetName=NetCD4017_9 Pin=U78-0
Added Pin To Net: NetName=NetLM3914_17 Pin=U78-1
Added Pin To Net: NetName=NetCD4017_11 Pin=U79-0
Added Pin To Net: NetName=NetLM3914_17 Pin=U79-1
Added Pin To Net: NetName=NetCD4017_3 Pin=U80-0
Added Pin To Net: NetName=NetLM3914_18 Pin=U80-1
Added Pin To Net: NetName=NetCD4017_2 Pin=U81-0
Added Pin To Net: NetName=NetLM3914_18 Pin=U81-1
Added Pin To Net: NetName=NetCD4017_4 Pin=U82-0
Added Pin To Net: NetName=NetLM3914_18 Pin=U82-1
Added Pin To Net: NetName=NetCD4017_7 Pin=U83-0
Added Pin To Net: NetName=NetLM3914_18 Pin=U83-1
Added Pin To Net: NetName=NetCD4017_10 Pin=U84-0
Added Pin To Net: NetName=NetLM3914_18 Pin=U84-1
Added Pin To Net: NetName=NetCD4017_1 Pin=U85-0
Added Pin To Net: NetName=NetLM3914_18 Pin=U85-1
Added Pin To Net: NetName=NetCD4017_5 Pin=U86-0
Added Pin To Net: NetName=NetLM3914_18 Pin=U86-1
Added Pin To Net: NetName=NetCD4017_6 Pin=U87-0
Added Pin To Net: NetName=NetLM3914_18 Pin=U87-1
Added Pin To Net: NetName=NetCD4017_9 Pin=U88-0
Added Pin To Net: NetName=NetLM3914_18 Pin=U88-1
Added Pin To Net: NetName=NetCD4017_11 Pin=U89-0
Added Pin To Net: NetName=NetLM3914_18 Pin=U89-1
Added Pin To Net: NetName=NetCD4017_3 Pin=U90-0
Added Pin To Net: NetName=NetLM3914_1 Pin=U90-1
Added Pin To Net: NetName=NetCD4017_2 Pin=U91-0
Added Pin To Net: NetName=NetLM3914_1 Pin=U91-1
Added Pin To Net: NetName=NetCD4017_4 Pin=U92-0
Added Pin To Net: NetName=NetLM3914_1 Pin=U92-1
Added Pin To Net: NetName=NetCD4017_7 Pin=U93-0
Added Pin To Net: NetName=NetLM3914_1 Pin=U93-1
Added Pin To Net: NetName=NetCD4017_10 Pin=U94-0
Added Pin To Net: NetName=NetLM3914_1 Pin=U94-1
Added Pin To Net: NetName=NetCD4017_1 Pin=U95-0
Added Pin To Net: NetName=NetLM3914_1 Pin=U95-1
Added Pin To Net: NetName=NetCD4017_5 Pin=U96-0
Added Pin To Net: NetName=NetLM3914_1 Pin=U96-1
Added Pin To Net: NetName=NetCD4017_6 Pin=U97-0
Added Pin To Net: NetName=NetLM3914_1 Pin=U97-1
Added Pin To Net: NetName=NetCD4017_9 Pin=U98-0
Added Pin To Net: NetName=NetLM3914_1 Pin=U98-1
Added Pin To Net: NetName=NetCD4017_11 Pin=U99-0
Added Pin To Net: NetName=NetLM3914_1 Pin=U99-1
